C:\Program Files (x86)\Microsoft Visual Studio\2019\Enterprise\MSBuild\Microsoft\VC\v160\Microsoft.CppBuild.targets(452,5): warning MSB8028: The intermediate directory (Debug\) contains files shared from another project (BTVN1.vcxproj).  This can lead to incorrect clean and rebuild behavior.
  game.cpp
  C:\Program Files (x86)\Microsoft DirectX SDK (June 2010)\Include\dinput.h: DIRECTINPUT_VERSION undefined. Defaulting to version 0x0800
D:\GitHub\Game-DPSG\Game_Ping_Pong\game.h(52,3): warning C4091:  'typedef ': ignored on left of 'SPRITE' when no variable is declared
D:\GitHub\Game-DPSG\Game_Ping_Pong\game.cpp(33,32): warning C4244:  'argument': conversion from 'float' to 'int', possible loss of data
D:\GitHub\Game-DPSG\Game_Ping_Pong\game.cpp(33,26): warning C4244:  'argument': conversion from 'float' to 'int', possible loss of data
D:\GitHub\Game-DPSG\Game_Ping_Pong\game.cpp(35,31): warning C4244:  '=': conversion from 'float' to 'int', possible loss of data
D:\GitHub\Game-DPSG\Game_Ping_Pong\game.cpp(36,31): warning C4244:  '=': conversion from 'float' to 'int', possible loss of data
D:\GitHub\Game-DPSG\Game_Ping_Pong\game.cpp(179,42): warning C4244:  '+=': conversion from 'float' to 'int', possible loss of data
D:\GitHub\Game-DPSG\Game_Ping_Pong\game.cpp(180,42): warning C4244:  '+=': conversion from 'float' to 'int', possible loss of data
D:\GitHub\Game-DPSG\Game_Ping_Pong\game.cpp(217,41): warning C4244:  '+=': conversion from 'float' to 'int', possible loss of data
D:\GitHub\Game-DPSG\Game_Ping_Pong\game.cpp(218,41): warning C4244:  '+=': conversion from 'float' to 'int', possible loss of data
D:\GitHub\Game-DPSG\Game_Ping_Pong\game.cpp(243,41): warning C4244:  '+=': conversion from 'float' to 'int', possible loss of data
D:\GitHub\Game-DPSG\Game_Ping_Pong\game.cpp(244,41): warning C4244:  '+=': conversion from 'float' to 'int', possible loss of data
D:\GitHub\Game-DPSG\Game_Ping_Pong\game.cpp(263,25): warning C4244:  '+=': conversion from 'float' to 'int', possible loss of data
D:\GitHub\Game-DPSG\Game_Ping_Pong\game.cpp(264,25): warning C4244:  '+=': conversion from 'float' to 'int', possible loss of data
D:\GitHub\Game-DPSG\Game_Ping_Pong\game.cpp(339,25): warning C4244:  '+=': conversion from 'float' to 'int', possible loss of data
D:\GitHub\Game-DPSG\Game_Ping_Pong\game.cpp(340,25): warning C4244:  '+=': conversion from 'float' to 'int', possible loss of data
D:\GitHub\Game-DPSG\Game_Ping_Pong\game.cpp(344,28): warning C4244:  '=': conversion from 'float' to 'int', possible loss of data
D:\GitHub\Game-DPSG\Game_Ping_Pong\game.cpp(354,28): warning C4244:  '=': conversion from 'float' to 'int', possible loss of data
  Game_Ping_Pong.vcxproj -> D:\GitHub\Game-DPSG\Game_Ping_Pong\Debug\Game_Ping_Pong.exe
