c:\users\to cong hau\desktop\game\game-captain-america-master\game_captain_america\game_captain_america\debug\vc141.pdb
c:\users\to cong hau\desktop\game\game-captain-america-master\game_captain_america\game_captain_america\debug\vc141.idb
c:\users\to cong hau\desktop\game\game-captain-america-master\game_captain_america\game_captain_america\debug\ui.obj
c:\users\to cong hau\desktop\game\game-captain-america-master\game_captain_america\game_captain_america\debug\textures.obj
c:\users\to cong hau\desktop\game\game-captain-america-master\game_captain_america\game_captain_america\debug\sprites.obj
c:\users\to cong hau\desktop\game\game-captain-america-master\game_captain_america\game_captain_america\debug\source.obj
c:\users\to cong hau\desktop\game\game-captain-america-master\game_captain_america\game_captain_america\debug\simon.obj
c:\users\to cong hau\desktop\game\game-captain-america-master\game_captain_america\game_captain_america\debug\panther.obj
c:\users\to cong hau\desktop\game\game-captain-america-master\game_captain_america\game_captain_america\debug\money.obj
c:\users\to cong hau\desktop\game\game-captain-america-master\game_captain_america\game_captain_america\debug\map.obj
c:\users\to cong hau\desktop\game\game-captain-america-master\game_captain_america\game_captain_america\debug\lantern.obj
c:\users\to cong hau\desktop\game\game-captain-america-master\game_captain_america\game_captain_america\debug\knife.obj
c:\users\to cong hau\desktop\game\game-captain-america-master\game_captain_america\game_captain_america\debug\item.obj
c:\users\to cong hau\desktop\game\game-captain-america-master\game_captain_america\game_captain_america\debug\ground.obj
c:\users\to cong hau\desktop\game\game-captain-america-master\game_captain_america\game_captain_america\debug\gridobjects.obj
c:\users\to cong hau\desktop\game\game-captain-america-master\game_captain_america\game_captain_america\debug\gameobject.obj
c:\users\to cong hau\desktop\game\game-captain-america-master\game_captain_america\game_captain_america\debug\game.obj
c:\users\to cong hau\desktop\game\game-captain-america-master\game_captain_america\game_captain_america\debug\effect.obj
c:\users\to cong hau\desktop\game\game-captain-america-master\game_captain_america\game_captain_america\debug\define.obj
c:\users\to cong hau\desktop\game\game-captain-america-master\game_captain_america\game_captain_america\debug\debug.obj
c:\users\to cong hau\desktop\game\game-captain-america-master\game_captain_america\game_captain_america\debug\checkpoint.obj
c:\users\to cong hau\desktop\game\game-captain-america-master\game_captain_america\game_captain_america\debug\bigfire.obj
c:\users\to cong hau\desktop\game\game-captain-america-master\game_captain_america\game_captain_america\debug\zombie.obj
c:\users\to cong hau\desktop\game\game-captain-america-master\game_captain_america\game_captain_america\debug\whip.obj
c:\users\to cong hau\desktop\game\game-captain-america-master\game_captain_america\game_captain_america\debug\weapon.obj
c:\users\to cong hau\desktop\game\game-captain-america-master\game_captain_america\game_captain_america\debug\water.obj
c:\users\to cong hau\desktop\game\game-captain-america-master\game_captain_america\debug\game_captain_america.exe
c:\users\to cong hau\desktop\game\game-captain-america-master\game_captain_america\debug\game_captain_america.ilk
c:\users\to cong hau\desktop\game\game-captain-america-master\game_captain_america\debug\game_captain_america.pdb
c:\users\to cong hau\desktop\game\game-captain-america-master\game_captain_america\game_captain_america\debug\bossbat.obj
c:\users\to cong hau\desktop\game\game-captain-america-master\game_captain_america\game_captain_america\debug\candle.obj
c:\users\to cong hau\desktop\game\game-captain-america-master\game_captain_america\game_captain_america\debug\checkstair.obj
c:\users\to cong hau\desktop\game\game-captain-america-master\game_captain_america\game_captain_america\debug\stair.obj
c:\users\to cong hau\desktop\game\game-captain-america-master\game_captain_america\game_captain_america\debug\game_cap.62a0bc96.tlog\cl.command.1.tlog
c:\users\to cong hau\desktop\game\game-captain-america-master\game_captain_america\game_captain_america\debug\game_cap.62a0bc96.tlog\cl.read.1.tlog
c:\users\to cong hau\desktop\game\game-captain-america-master\game_captain_america\game_captain_america\debug\game_cap.62a0bc96.tlog\cl.write.1.tlog
c:\users\to cong hau\desktop\game\game-captain-america-master\game_captain_america\game_captain_america\debug\game_cap.62a0bc96.tlog\link.command.1.tlog
c:\users\to cong hau\desktop\game\game-captain-america-master\game_captain_america\game_captain_america\debug\game_cap.62a0bc96.tlog\link.read.1.tlog
c:\users\to cong hau\desktop\game\game-captain-america-master\game_captain_america\game_captain_america\debug\game_cap.62a0bc96.tlog\link.write.1.tlog
